<html>
<head>
<title>TestNG:  test1</title>
<link href="../testng.css" rel="stylesheet" type="text/css" />
<link href="../my-testng.css" rel="stylesheet" type="text/css" />

<style type="text/css">
.log { display: none;} 
.stack-trace { display: none;} 
</style>
<script type="text/javascript">
<!--
function flip(e) {
  current = e.style.display;
  if (current == 'block') {
    e.style.display = 'none';
    return 0;
  }
  else {
    e.style.display = 'block';
    return 1;
  }
}

function toggleBox(szDivId, elem, msg1, msg2)
{
  var res = -1;  if (document.getElementById) {
    res = flip(document.getElementById(szDivId));
  }
  else if (document.all) {
    // this is the way old msie versions work
    res = flip(document.all[szDivId]);
  }
  if(elem) {
    if(res == 0) elem.innerHTML = msg1; else elem.innerHTML = msg2;
  }

}

function toggleAllBoxes() {
  if (document.getElementsByTagName) {
    d = document.getElementsByTagName('div');
    for (i = 0; i < d.length; i++) {
      if (d[i].className == 'log') {
        flip(d[i]);
      }
    }
  }
}

// -->
</script>

</head>
<body>
<h2 align='center'>test1</h2><table border='1' align="center">
<tr>
<td>Tests passed/Failed/Skipped:</td><td>1/2/0</td>
</tr><tr>
<td>Started on:</td><td>Fri Mar 24 15:30:24 IST 2017</td>
</tr>
<tr><td>Total time:</td><td>44 seconds (44613 ms)</td>
</tr><tr>
<td>Included groups:</td><td></td>
</tr><tr>
<td>Excluded groups:</td><td></td>
</tr>
</table><p/>
<small><i>(Hover the method name to see the test class name)</i></small><p/>
<table width='100%' border='1' class='invocation-failed'>
<tr><td colspan='4' align='center'><b>FAILED TESTS</b></td></tr>
<tr><td><b>Test method</b></td>
<td width="30%"><b>Exception</b></td>
<td width="10%"><b>Time (seconds)</b></td>
<td><b>Instance</b></td>
</tr>
<tr>
<td title='testweb.Test1.loginVerification()'><b>loginVerification</b><br>Test class: testweb.Test1<br>Parameters: goel199321, bharatpur<br/>
<a href="#Output-1258301284" onClick='toggleBox("Output-1258301284", this, "Show output", "Hide output");'>Show output</a>

<a href="#Output-1258301284" onClick="toggleAllBoxes();">Show all outputs</a>
<div class='log' id="Output-1258301284">
STEP1<br/>
STEP2<br/>
STEP3<br/>
STEP4<br/>
STEP5<br/>
</div>
</td>
<td><div><pre>java.lang.AssertionError: &quot;By.xpath: //input[@type=&apos;password&apos;]&quot; is not present. expected [true] but found [false]
	at com.gslab.services.Services.assertAndVerifyElement(Services.java:59)
	at com.gslab.services.Services.assertElementAndType(Services.java:84)
	at pages.Home.loginVerification(Home.java:63)
	at testweb.Test1.loginVerification(Test1.java:43)
	at java.util.concurrent.FutureTask.run(FutureTask.java:266)
	at java.util.concurrent.ThreadPoolExecutor.runWorker(ThreadPoolExecutor.java:1142)
	at java.util.concurrent.ThreadPoolExecutor$Worker.run(ThreadPoolExecutor.java:617)
	at java.lang.Thread.run(Thread.java:745)
... Removed 19 stack frames</pre></div><a href='#' onClick='toggleBox("stack-trace1258301284", this, "Click to show all stack frames", "Click to hide stack frames")'>Click to show all stack frames</a>
<div class='stack-trace' id='stack-trace1258301284'><pre>java.lang.AssertionError: &quot;By.xpath: //input[@type=&apos;password&apos;]&quot; is not present. expected [true] but found [false]
	at org.testng.Assert.fail(Assert.java:94)
	at org.testng.Assert.failNotEquals(Assert.java:494)
	at org.testng.Assert.assertTrue(Assert.java:42)
	at com.gslab.services.Services.assertAndVerifyElement(Services.java:59)
	at com.gslab.services.Services.assertElementAndType(Services.java:84)
	at pages.Home.loginVerification(Home.java:63)
	at testweb.Test1.loginVerification(Test1.java:43)
	at sun.reflect.NativeMethodAccessorImpl.invoke0(Native Method)
	at sun.reflect.NativeMethodAccessorImpl.invoke(NativeMethodAccessorImpl.java:62)
	at sun.reflect.DelegatingMethodAccessorImpl.invoke(DelegatingMethodAccessorImpl.java:43)
	at java.lang.reflect.Method.invoke(Method.java:498)
	at org.testng.internal.MethodInvocationHelper.invokeMethod(MethodInvocationHelper.java:84)
	at org.testng.internal.Invoker.invokeMethod(Invoker.java:714)
	at org.testng.internal.Invoker.invokeTestMethod(Invoker.java:901)
	at org.testng.internal.Invoker.invokeTestMethods(Invoker.java:1231)
	at org.testng.internal.TestMethodWorker.invokeTestMethods(TestMethodWorker.java:127)
	at org.testng.internal.TestMethodWorker.run(TestMethodWorker.java:111)
	at org.testng.TestRunner.privateRun(TestRunner.java:767)
	at org.testng.TestRunner.run(TestRunner.java:617)
	at org.testng.SuiteRunner.runTest(SuiteRunner.java:348)
	at org.testng.SuiteRunner.access$000(SuiteRunner.java:38)
	at org.testng.SuiteRunner$SuiteWorker.run(SuiteRunner.java:382)
	at org.testng.internal.thread.ThreadUtil$2.call(ThreadUtil.java:64)
	at java.util.concurrent.FutureTask.run(FutureTask.java:266)
	at java.util.concurrent.ThreadPoolExecutor.runWorker(ThreadPoolExecutor.java:1142)
	at java.util.concurrent.ThreadPoolExecutor$Worker.run(ThreadPoolExecutor.java:617)
	at java.lang.Thread.run(Thread.java:745)
</pre></div></td>
<td>2</td>
<td>testweb.Test1@25bbe1b6</td></tr>
<tr>
<td title='testweb.Test1.loginVerification()'><b>loginVerification</b><br>Test class: testweb.Test1<br>Parameters: goel199321, bharatpur<br/>
<a href="#Output-1405143166" onClick='toggleBox("Output-1405143166", this, "Show output", "Hide output");'>Show output</a>

<a href="#Output-1405143166" onClick="toggleAllBoxes();">Show all outputs</a>
<div class='log' id="Output-1405143166">
STEP6<br/>
STEP7<br/>
STEP8<br/>
STEP9<br/>
STEP10<br/>
</div>
</td>
<td><div><pre>java.lang.AssertionError: &quot;By.xpath: //input[@type=&apos;password&apos;]&quot; is not present. expected [true] but found [false]
	at com.gslab.services.Services.assertAndVerifyElement(Services.java:59)
	at com.gslab.services.Services.assertElementAndType(Services.java:84)
	at pages.Home.loginVerification(Home.java:63)
	at testweb.Test1.loginVerification(Test1.java:43)
	at java.util.concurrent.FutureTask.run(FutureTask.java:266)
	at java.util.concurrent.ThreadPoolExecutor.runWorker(ThreadPoolExecutor.java:1142)
	at java.util.concurrent.ThreadPoolExecutor$Worker.run(ThreadPoolExecutor.java:617)
	at java.lang.Thread.run(Thread.java:745)
... Removed 19 stack frames</pre></div><a href='#' onClick='toggleBox("stack-trace1405143166", this, "Click to show all stack frames", "Click to hide stack frames")'>Click to show all stack frames</a>
<div class='stack-trace' id='stack-trace1405143166'><pre>java.lang.AssertionError: &quot;By.xpath: //input[@type=&apos;password&apos;]&quot; is not present. expected [true] but found [false]
	at org.testng.Assert.fail(Assert.java:94)
	at org.testng.Assert.failNotEquals(Assert.java:494)
	at org.testng.Assert.assertTrue(Assert.java:42)
	at com.gslab.services.Services.assertAndVerifyElement(Services.java:59)
	at com.gslab.services.Services.assertElementAndType(Services.java:84)
	at pages.Home.loginVerification(Home.java:63)
	at testweb.Test1.loginVerification(Test1.java:43)
	at sun.reflect.NativeMethodAccessorImpl.invoke0(Native Method)
	at sun.reflect.NativeMethodAccessorImpl.invoke(NativeMethodAccessorImpl.java:62)
	at sun.reflect.DelegatingMethodAccessorImpl.invoke(DelegatingMethodAccessorImpl.java:43)
	at java.lang.reflect.Method.invoke(Method.java:498)
	at org.testng.internal.MethodInvocationHelper.invokeMethod(MethodInvocationHelper.java:84)
	at org.testng.internal.Invoker.invokeMethod(Invoker.java:714)
	at org.testng.internal.Invoker.retryFailed(Invoker.java:1049)
	at org.testng.internal.Invoker.invokeTestMethods(Invoker.java:1254)
	at org.testng.internal.TestMethodWorker.invokeTestMethods(TestMethodWorker.java:127)
	at org.testng.internal.TestMethodWorker.run(TestMethodWorker.java:111)
	at org.testng.TestRunner.privateRun(TestRunner.java:767)
	at org.testng.TestRunner.run(TestRunner.java:617)
	at org.testng.SuiteRunner.runTest(SuiteRunner.java:348)
	at org.testng.SuiteRunner.access$000(SuiteRunner.java:38)
	at org.testng.SuiteRunner$SuiteWorker.run(SuiteRunner.java:382)
	at org.testng.internal.thread.ThreadUtil$2.call(ThreadUtil.java:64)
	at java.util.concurrent.FutureTask.run(FutureTask.java:266)
	at java.util.concurrent.ThreadPoolExecutor.runWorker(ThreadPoolExecutor.java:1142)
	at java.util.concurrent.ThreadPoolExecutor$Worker.run(ThreadPoolExecutor.java:617)
	at java.lang.Thread.run(Thread.java:745)
</pre></div></td>
<td>2</td>
<td>testweb.Test1@25bbe1b6</td></tr>
</table><p>
<table width='100%' border='1' class='invocation-passed'>
<tr><td colspan='4' align='center'><b>PASSED TESTS</b></td></tr>
<tr><td><b>Test method</b></td>
<td width="30%"><b>Exception</b></td>
<td width="10%"><b>Time (seconds)</b></td>
<td><b>Instance</b></td>
</tr>
<tr>
<td title='testweb.Test1.loginVerification()'><b>loginVerification</b><br>Test class: testweb.Test1<br>Parameters: goel1993420, bharatpur0<br/>
<a href="#Output-1312020025" onClick='toggleBox("Output-1312020025", this, "Show output", "Hide output");'>Show output</a>

<a href="#Output-1312020025" onClick="toggleAllBoxes();">Show all outputs</a>
<div class='log' id="Output-1312020025">
STEP11<br/>
STEP12<br/>
STEP13<br/>
STEP14<br/>
</div>
</td>
<td></td>
<td>4</td>
<td>testweb.Test1@25bbe1b6</td></tr>
</table><p>
</body>
</html>