<?xml version="1.0" encoding="UTF-8"?>
<!-- Generated by org.testng.reporters.JUnitXMLReporter -->
<testsuite hostname="NARAD" name="test1" tests="3" failures="2" timestamp="24 Mar 2017 10:01:08 GMT" time="44.613" errors="0">
  <testcase name="loginVerification" time="2.503" classname="testweb.Test1">
    <failure type="java.lang.AssertionError" message="&amp;quot;By.xpath: //input[@type=&amp;apos;password&amp;apos;]&amp;quot; is not present. expected [true] but found [false]">
      <![CDATA[java.lang.AssertionError: "By.xpath: //input[@type='password']" is not present. expected [true] but found [false]
	at com.gslab.services.Services.assertAndVerifyElement(Services.java:59)
	at com.gslab.services.Services.assertElementAndType(Services.java:84)
	at pages.Home.loginVerification(Home.java:63)
	at testweb.Test1.loginVerification(Test1.java:43)
	at java.util.concurrent.FutureTask.run(FutureTask.java:266)
	at java.util.concurrent.ThreadPoolExecutor.runWorker(ThreadPoolExecutor.java:1142)
	at java.util.concurrent.ThreadPoolExecutor$Worker.run(ThreadPoolExecutor.java:617)
	at java.lang.Thread.run(Thread.java:745)
... Removed 19 stack frames]]>
    </failure>
  </testcase> <!-- loginVerification -->
  <testcase name="loginVerification" time="2.179" classname="testweb.Test1">
    <failure type="java.lang.AssertionError" message="&amp;quot;By.xpath: //input[@type=&amp;apos;password&amp;apos;]&amp;quot; is not present. expected [true] but found [false]">
      <![CDATA[java.lang.AssertionError: "By.xpath: //input[@type='password']" is not present. expected [true] but found [false]
	at com.gslab.services.Services.assertAndVerifyElement(Services.java:59)
	at com.gslab.services.Services.assertElementAndType(Services.java:84)
	at pages.Home.loginVerification(Home.java:63)
	at testweb.Test1.loginVerification(Test1.java:43)
	at java.util.concurrent.FutureTask.run(FutureTask.java:266)
	at java.util.concurrent.ThreadPoolExecutor.runWorker(ThreadPoolExecutor.java:1142)
	at java.util.concurrent.ThreadPoolExecutor$Worker.run(ThreadPoolExecutor.java:617)
	at java.lang.Thread.run(Thread.java:745)
... Removed 19 stack frames]]>
    </failure>
  </testcase> <!-- loginVerification -->
  <testcase name="loginVerification" time="4.432" classname="testweb.Test1"/>
</testsuite> <!-- test1 -->
