<?xml version="1.0" encoding="UTF-8"?>
<testng-results skipped="0" failed="2" total="3" passed="1">
  <reporter-output>
    <line>
      <![CDATA[STEP1]]>
    </line>
    <line>
      <![CDATA[STEP2]]>
    </line>
    <line>
      <![CDATA[STEP3]]>
    </line>
    <line>
      <![CDATA[STEP4]]>
    </line>
    <line>
      <![CDATA[STEP5]]>
    </line>
    <line>
      <![CDATA[STEP6]]>
    </line>
    <line>
      <![CDATA[STEP7]]>
    </line>
    <line>
      <![CDATA[STEP8]]>
    </line>
    <line>
      <![CDATA[STEP9]]>
    </line>
    <line>
      <![CDATA[STEP10]]>
    </line>
    <line>
      <![CDATA[STEP11]]>
    </line>
    <line>
      <![CDATA[STEP12]]>
    </line>
  </reporter-output>
  <suite name="Test Suite" duration-ms="35811" started-at="2017-03-24T10:06:41Z" finished-at="2017-03-24T10:07:17Z">
    <groups>
    </groups>
    <test name="test1" duration-ms="35811" started-at="2017-03-24T10:06:41Z" finished-at="2017-03-24T10:07:17Z">
      <class name="testweb.Test1">
        <test-method status="PASS" signature="setUp()[pri:0, instance:testweb.Test1@6537cf78]" name="setUp" is-config="true" duration-ms="7331" started-at="2017-03-24T15:36:42Z" finished-at="2017-03-24T15:36:49Z">
          <reporter-output>
          </reporter-output>
        </test-method> <!-- setUp -->
        <test-method status="FAIL" signature="loginVerification(java.lang.String, java.lang.String)[pri:0, instance:testweb.Test1@6537cf78]" name="loginVerification" duration-ms="1920" started-at="2017-03-24T15:36:49Z" data-provider="Authentication" finished-at="2017-03-24T15:36:51Z">
          <params>
            <param index="0">
              <value>
                <![CDATA[goel199321]]>
              </value>
            </param>
            <param index="1">
              <value>
                <![CDATA[bharatpur]]>
              </value>
            </param>
          </params>
          <exception class="java.lang.AssertionError">
            <message>
              <![CDATA["By.xpath: //input[@type='password']" is not present. expected [true] but found [false]]]>
            </message>
            <full-stacktrace>
              <![CDATA[java.lang.AssertionError: "By.xpath: //input[@type='password']" is not present. expected [true] but found [false]
	at org.testng.Assert.fail(Assert.java:94)
	at org.testng.Assert.failNotEquals(Assert.java:494)
	at org.testng.Assert.assertTrue(Assert.java:42)
	at com.gslab.services.Services.assertAndVerifyElement(Services.java:59)
	at com.gslab.services.Services.assertElementAndType(Services.java:84)
	at pages.Home.loginVerification(Home.java:63)
	at testweb.Test1.loginVerification(Test1.java:43)
	at sun.reflect.NativeMethodAccessorImpl.invoke0(Native Method)
	at sun.reflect.NativeMethodAccessorImpl.invoke(NativeMethodAccessorImpl.java:62)
	at sun.reflect.DelegatingMethodAccessorImpl.invoke(DelegatingMethodAccessorImpl.java:43)
	at java.lang.reflect.Method.invoke(Method.java:498)
	at org.testng.internal.MethodInvocationHelper.invokeMethod(MethodInvocationHelper.java:84)
	at org.testng.internal.Invoker.invokeMethod(Invoker.java:714)
	at org.testng.internal.Invoker.invokeTestMethod(Invoker.java:901)
	at org.testng.internal.Invoker.invokeTestMethods(Invoker.java:1231)
	at org.testng.internal.TestMethodWorker.invokeTestMethods(TestMethodWorker.java:127)
	at org.testng.internal.TestMethodWorker.run(TestMethodWorker.java:111)
	at org.testng.TestRunner.privateRun(TestRunner.java:767)
	at org.testng.TestRunner.run(TestRunner.java:617)
	at org.testng.SuiteRunner.runTest(SuiteRunner.java:348)
	at org.testng.SuiteRunner.access$000(SuiteRunner.java:38)
	at org.testng.SuiteRunner$SuiteWorker.run(SuiteRunner.java:382)
	at org.testng.internal.thread.ThreadUtil$2.call(ThreadUtil.java:64)
	at java.util.concurrent.FutureTask.run(FutureTask.java:266)
	at java.util.concurrent.ThreadPoolExecutor.runWorker(ThreadPoolExecutor.java:1142)
	at java.util.concurrent.ThreadPoolExecutor$Worker.run(ThreadPoolExecutor.java:617)
	at java.lang.Thread.run(Thread.java:745)
]]>
            </full-stacktrace>
          </exception> <!-- java.lang.AssertionError -->
          <reporter-output>
            <line>
              <![CDATA[STEP1]]>
            </line>
            <line>
              <![CDATA[STEP2]]>
            </line>
            <line>
              <![CDATA[STEP3]]>
            </line>
            <line>
              <![CDATA[STEP4]]>
            </line>
          </reporter-output>
        </test-method> <!-- loginVerification -->
        <test-method status="PASS" signature="tearDown()[pri:0, instance:testweb.Test1@6537cf78]" name="tearDown" is-config="true" duration-ms="2877" started-at="2017-03-24T15:36:51Z" finished-at="2017-03-24T15:36:54Z">
          <reporter-output>
          </reporter-output>
        </test-method> <!-- tearDown -->
        <test-method status="PASS" signature="setUp()[pri:0, instance:testweb.Test1@6537cf78]" name="setUp" is-config="true" duration-ms="5303" started-at="2017-03-24T15:36:54Z" finished-at="2017-03-24T15:36:59Z">
          <reporter-output>
          </reporter-output>
        </test-method> <!-- setUp -->
        <test-method status="FAIL" signature="loginVerification(java.lang.String, java.lang.String)[pri:0, instance:testweb.Test1@6537cf78]" name="loginVerification" duration-ms="1718" started-at="2017-03-24T15:36:59Z" data-provider="Authentication" finished-at="2017-03-24T15:37:01Z">
          <params>
            <param index="0">
              <value>
                <![CDATA[goel199321]]>
              </value>
            </param>
            <param index="1">
              <value>
                <![CDATA[bharatpur]]>
              </value>
            </param>
          </params>
          <exception class="java.lang.AssertionError">
            <message>
              <![CDATA["By.xpath: //input[@type='password']" is not present. expected [true] but found [false]]]>
            </message>
            <full-stacktrace>
              <![CDATA[java.lang.AssertionError: "By.xpath: //input[@type='password']" is not present. expected [true] but found [false]
	at org.testng.Assert.fail(Assert.java:94)
	at org.testng.Assert.failNotEquals(Assert.java:494)
	at org.testng.Assert.assertTrue(Assert.java:42)
	at com.gslab.services.Services.assertAndVerifyElement(Services.java:59)
	at com.gslab.services.Services.assertElementAndType(Services.java:84)
	at pages.Home.loginVerification(Home.java:63)
	at testweb.Test1.loginVerification(Test1.java:43)
	at sun.reflect.NativeMethodAccessorImpl.invoke0(Native Method)
	at sun.reflect.NativeMethodAccessorImpl.invoke(NativeMethodAccessorImpl.java:62)
	at sun.reflect.DelegatingMethodAccessorImpl.invoke(DelegatingMethodAccessorImpl.java:43)
	at java.lang.reflect.Method.invoke(Method.java:498)
	at org.testng.internal.MethodInvocationHelper.invokeMethod(MethodInvocationHelper.java:84)
	at org.testng.internal.Invoker.invokeMethod(Invoker.java:714)
	at org.testng.internal.Invoker.retryFailed(Invoker.java:1049)
	at org.testng.internal.Invoker.invokeTestMethods(Invoker.java:1254)
	at org.testng.internal.TestMethodWorker.invokeTestMethods(TestMethodWorker.java:127)
	at org.testng.internal.TestMethodWorker.run(TestMethodWorker.java:111)
	at org.testng.TestRunner.privateRun(TestRunner.java:767)
	at org.testng.TestRunner.run(TestRunner.java:617)
	at org.testng.SuiteRunner.runTest(SuiteRunner.java:348)
	at org.testng.SuiteRunner.access$000(SuiteRunner.java:38)
	at org.testng.SuiteRunner$SuiteWorker.run(SuiteRunner.java:382)
	at org.testng.internal.thread.ThreadUtil$2.call(ThreadUtil.java:64)
	at java.util.concurrent.FutureTask.run(FutureTask.java:266)
	at java.util.concurrent.ThreadPoolExecutor.runWorker(ThreadPoolExecutor.java:1142)
	at java.util.concurrent.ThreadPoolExecutor$Worker.run(ThreadPoolExecutor.java:617)
	at java.lang.Thread.run(Thread.java:745)
]]>
            </full-stacktrace>
          </exception> <!-- java.lang.AssertionError -->
          <reporter-output>
            <line>
              <![CDATA[STEP5]]>
            </line>
            <line>
              <![CDATA[STEP6]]>
            </line>
            <line>
              <![CDATA[STEP7]]>
            </line>
            <line>
              <![CDATA[STEP8]]>
            </line>
          </reporter-output>
        </test-method> <!-- loginVerification -->
        <test-method status="PASS" signature="tearDown()[pri:0, instance:testweb.Test1@6537cf78]" name="tearDown" is-config="true" duration-ms="711" started-at="2017-03-24T15:37:01Z" finished-at="2017-03-24T15:37:02Z">
          <reporter-output>
          </reporter-output>
        </test-method> <!-- tearDown -->
        <test-method status="PASS" signature="setUp()[pri:0, instance:testweb.Test1@6537cf78]" name="setUp" is-config="true" duration-ms="10185" started-at="2017-03-24T15:37:02Z" finished-at="2017-03-24T15:37:12Z">
          <reporter-output>
          </reporter-output>
        </test-method> <!-- setUp -->
        <test-method status="PASS" signature="loginVerification(java.lang.String, java.lang.String)[pri:0, instance:testweb.Test1@6537cf78]" name="loginVerification" duration-ms="3880" started-at="2017-03-24T15:37:12Z" data-provider="Authentication" finished-at="2017-03-24T15:37:16Z">
          <params>
            <param index="0">
              <value>
                <![CDATA[goel1993420]]>
              </value>
            </param>
            <param index="1">
              <value>
                <![CDATA[bharatpur0]]>
              </value>
            </param>
          </params>
          <reporter-output>
            <line>
              <![CDATA[STEP9]]>
            </line>
            <line>
              <![CDATA[STEP10]]>
            </line>
            <line>
              <![CDATA[STEP11]]>
            </line>
            <line>
              <![CDATA[STEP12]]>
            </line>
          </reporter-output>
        </test-method> <!-- loginVerification -->
        <test-method status="PASS" signature="tearDown()[pri:0, instance:testweb.Test1@6537cf78]" name="tearDown" is-config="true" duration-ms="759" started-at="2017-03-24T15:37:16Z" finished-at="2017-03-24T15:37:17Z">
          <reporter-output>
          </reporter-output>
        </test-method> <!-- tearDown -->
      </class> <!-- testweb.Test1 -->
    </test> <!-- test1 -->
  </suite> <!-- Test Suite -->
</testng-results>
